<?xml version="1.0" encoding="UTF-8"?>
<testsuite name="ll.GameProposalControllerTest" time="0.249" tests="1" errors="0" skipped="0" failures="1">
  <properties>
    <property name="java.runtime.name" value="OpenJDK Runtime Environment"/>
    <property name="sun.boot.library.path" value="/usr/lib/jvm/java-8-openjdk-amd64/jre/lib/amd64"/>
    <property name="java.vm.version" value="25.151-b12"/>
    <property name="java.vm.vendor" value="Oracle Corporation"/>
    <property name="maven.multiModuleProjectDirectory" value="/home/cobranet/develop/java/ll"/>
    <property name="java.vendor.url" value="http://java.oracle.com/"/>
    <property name="path.separator" value=":"/>
    <property name="guice.disable.misplaced.annotation.check" value="true"/>
    <property name="java.vm.name" value="OpenJDK 64-Bit Server VM"/>
    <property name="file.encoding.pkg" value="sun.io"/>
    <property name="user.country" value="US"/>
    <property name="sun.java.launcher" value="SUN_STANDARD"/>
    <property name="sun.os.patch.level" value="unknown"/>
    <property name="java.vm.specification.name" value="Java Virtual Machine Specification"/>
    <property name="user.dir" value="/home/cobranet/develop/java/ll"/>
    <property name="java.runtime.version" value="1.8.0_151-8u151-b12-0ubuntu0.17.10.2-b12"/>
    <property name="java.awt.graphicsenv" value="sun.awt.X11GraphicsEnvironment"/>
    <property name="java.endorsed.dirs" value="/usr/lib/jvm/java-8-openjdk-amd64/jre/lib/endorsed"/>
    <property name="os.arch" value="amd64"/>
    <property name="java.io.tmpdir" value="/tmp"/>
    <property name="line.separator" value="&#10;"/>
    <property name="java.vm.specification.vendor" value="Oracle Corporation"/>
    <property name="os.name" value="Linux"/>
    <property name="classworlds.conf" value="/usr/share/maven/bin/m2.conf"/>
    <property name="sun.jnu.encoding" value="UTF-8"/>
    <property name="java.library.path" value="/usr/java/packages/lib/amd64:/usr/lib/x86_64-linux-gnu/jni:/lib/x86_64-linux-gnu:/usr/lib/x86_64-linux-gnu:/usr/lib/jni:/lib:/usr/lib"/>
    <property name="maven.conf" value="/usr/share/maven/conf"/>
    <property name="java.specification.name" value="Java Platform API Specification"/>
    <property name="java.class.version" value="52.0"/>
    <property name="sun.management.compiler" value="HotSpot 64-Bit Tiered Compilers"/>
    <property name="os.version" value="4.13.0-21-generic"/>
    <property name="library.jansi.path" value="/usr/share/maven/lib/jansi-native/linux64"/>
    <property name="user.home" value="/home/cobranet"/>
    <property name="user.timezone" value="Europe/Rome"/>
    <property name="java.awt.printerjob" value="sun.print.PSPrinterJob"/>
    <property name="java.specification.version" value="1.8"/>
    <property name="file.encoding" value="UTF-8"/>
    <property name="user.name" value="cobranet"/>
    <property name="java.class.path" value="/usr/share/maven/boot/plexus-classworlds-2.x.jar"/>
    <property name="java.vm.specification.version" value="1.8"/>
    <property name="sun.arch.data.model" value="64"/>
    <property name="java.home" value="/usr/lib/jvm/java-8-openjdk-amd64/jre"/>
    <property name="sun.java.command" value="org.codehaus.plexus.classworlds.launcher.Launcher package"/>
    <property name="java.specification.vendor" value="Oracle Corporation"/>
    <property name="user.language" value="en"/>
    <property name="awt.toolkit" value="sun.awt.X11.XToolkit"/>
    <property name="java.vm.info" value="mixed mode"/>
    <property name="java.version" value="1.8.0_151"/>
    <property name="java.ext.dirs" value="/usr/lib/jvm/java-8-openjdk-amd64/jre/lib/ext:/usr/java/packages/lib/ext"/>
    <property name="securerandom.source" value="file:/dev/./urandom"/>
    <property name="sun.boot.class.path" value="/usr/lib/jvm/java-8-openjdk-amd64/jre/lib/resources.jar:/usr/lib/jvm/java-8-openjdk-amd64/jre/lib/rt.jar:/usr/lib/jvm/java-8-openjdk-amd64/jre/lib/sunrsasign.jar:/usr/lib/jvm/java-8-openjdk-amd64/jre/lib/jsse.jar:/usr/lib/jvm/java-8-openjdk-amd64/jre/lib/jce.jar:/usr/lib/jvm/java-8-openjdk-amd64/jre/lib/charsets.jar:/usr/lib/jvm/java-8-openjdk-amd64/jre/lib/jfr.jar:/usr/lib/jvm/java-8-openjdk-amd64/jre/classes"/>
    <property name="java.vendor" value="Oracle Corporation"/>
    <property name="maven.home" value="/usr/share/maven"/>
    <property name="file.separator" value="/"/>
    <property name="java.vendor.url.bug" value="http://bugreport.sun.com/bugreport/"/>
    <property name="sun.cpu.endian" value="little"/>
    <property name="sun.io.unicode.encoding" value="UnicodeLittle"/>
    <property name="sun.desktop" value="gnome"/>
    <property name="sun.cpu.isalist" value=""/>
  </properties>
  <testcase name="proposeGame" classname="ll.GameProposalControllerTest" time="0.249">
    <failure message="Response content&#10;Expected: &quot;There is no player with id 1&quot;&#10;     but: was &quot;{\&quot;errorCode\&quot;:\&quot;Not Found\&quot;,\&quot;errorMessage\&quot;:\&quot;There is no player with id 1\&quot;}&quot;" type="java.lang.AssertionError">java.lang.AssertionError: Response content
Expected: "There is no player with id 1"
     but: was "{\"errorCode\":\"Not Found\",\"errorMessage\":\"There is no player with id 1\"}"
	at org.hamcrest.MatcherAssert.assertThat(MatcherAssert.java:20)
	at org.springframework.test.web.servlet.result.ContentResultMatchers$4.match(ContentResultMatchers.java:138)
	at org.springframework.test.web.servlet.MockMvc$1.andExpect(MockMvc.java:171)
	at ll.GameProposalControllerTest.proposeGame(GameProposalControllerTest.java:29)
</failure>
    <system-out><![CDATA[2018-01-17 10:54:55.788  INFO 10623 --- [           main] .b.t.c.SpringBootTestContextBootstrapper : Neither @ContextConfiguration nor @ContextHierarchy found for test class [ll.GameProposalControllerTest], using SpringBootContextLoader
2018-01-17 10:54:55.789  INFO 10623 --- [           main] o.s.t.c.support.AbstractContextLoader    : Could not detect default resource locations for test class [ll.GameProposalControllerTest]: no resource found for suffixes {-context.xml, Context.groovy}.
2018-01-17 10:54:55.789  INFO 10623 --- [           main] t.c.s.AnnotationConfigContextLoaderUtils : Could not detect default configuration classes for test class [ll.GameProposalControllerTest]: GameProposalControllerTest does not declare any static, non-private, non-final, nested classes annotated with @Configuration.
2018-01-17 10:54:55.799  INFO 10623 --- [           main] .b.t.c.SpringBootTestContextBootstrapper : Found @SpringBootConfiguration ll.Application for test class ll.GameProposalControllerTest
2018-01-17 10:54:55.802  INFO 10623 --- [           main] .b.t.c.SpringBootTestContextBootstrapper : Loaded default TestExecutionListener class names from location [META-INF/spring.factories]: [org.springframework.boot.test.mock.mockito.MockitoTestExecutionListener, org.springframework.boot.test.mock.mockito.ResetMocksTestExecutionListener, org.springframework.boot.test.autoconfigure.restdocs.RestDocsTestExecutionListener, org.springframework.boot.test.autoconfigure.web.client.MockRestServiceServerResetTestExecutionListener, org.springframework.boot.test.autoconfigure.web.servlet.MockMvcPrintOnlyOnFailureTestExecutionListener, org.springframework.boot.test.autoconfigure.web.servlet.WebDriverTestExecutionListener, org.springframework.test.context.web.ServletTestExecutionListener, org.springframework.test.context.support.DirtiesContextBeforeModesTestExecutionListener, org.springframework.test.context.support.DependencyInjectionTestExecutionListener, org.springframework.test.context.support.DirtiesContextTestExecutionListener, org.springframework.test.context.transaction.TransactionalTestExecutionListener, org.springframework.test.context.jdbc.SqlScriptsTestExecutionListener]
2018-01-17 10:54:55.806  INFO 10623 --- [           main] .b.t.c.SpringBootTestContextBootstrapper : Using TestExecutionListeners: [org.springframework.test.context.web.ServletTestExecutionListener@1c23e369, org.springframework.test.context.support.DirtiesContextBeforeModesTestExecutionListener@38445703, org.springframework.boot.test.autoconfigure.SpringBootDependencyInjectionTestExecutionListener@44ae6b66, org.springframework.test.context.support.DirtiesContextTestExecutionListener@5b0e5d5f, org.springframework.test.context.transaction.TransactionalTestExecutionListener@58b5d5fc, org.springframework.test.context.jdbc.SqlScriptsTestExecutionListener@42536da6, org.springframework.boot.test.mock.mockito.MockitoTestExecutionListener@7591cbd1, org.springframework.boot.test.mock.mockito.ResetMocksTestExecutionListener@5cdc8499, org.springframework.boot.test.autoconfigure.restdocs.RestDocsTestExecutionListener@2a30b0cb, org.springframework.boot.test.autoconfigure.web.client.MockRestServiceServerResetTestExecutionListener@73d7d676, org.springframework.boot.test.autoconfigure.web.servlet.MockMvcPrintOnlyOnFailureTestExecutionListener@8e3449e, org.springframework.boot.test.autoconfigure.web.servlet.WebDriverTestExecutionListener@3023f157]
2018-01-17 10:54:55.853  INFO 10623 --- [           main] o.h.h.i.QueryTranslatorFactoryInitiator  : HHH000397: Using ASTQueryTranslatorFactory

MockHttpServletRequest:
      HTTP Method = GET
      Request URI = /
       Parameters = {}
          Headers = {Accept=[application/json]}

Handler:
             Type = ll.controllers.HelloController
           Method = public java.lang.String ll.controllers.HelloController.index()

Async:
    Async started = false
     Async result = null

Resolved Exception:
             Type = null

ModelAndView:
        View name = null
             View = null
            Model = null

FlashMap:
       Attributes = null

MockHttpServletResponse:
           Status = 200
    Error message = null
          Headers = {X-Application-Context=[application:-1], Content-Type=[application/json;charset=UTF-8], Content-Length=[53]}
     Content type = application/json;charset=UTF-8
             Body = Greetings from Spring Boot! This Spring love letters!
    Forwarded URL = null
   Redirected URL = null
          Cookies = []

MockHttpServletRequest:
      HTTP Method = POST
      Request URI = /propose_game
       Parameters = {id=[1]}
          Headers = {Accept=[application/json]}

Handler:
             Type = ll.controllers.GameProposalController
           Method = public org.springframework.http.ResponseEntity ll.controllers.GameProposalController.proposeGame(java.lang.String)

Async:
    Async started = false
     Async result = null

Resolved Exception:
             Type = null

ModelAndView:
        View name = null
             View = null
            Model = null

FlashMap:
       Attributes = null

MockHttpServletResponse:
           Status = 404
    Error message = null
          Headers = {X-Application-Context=[application:-1], Content-Type=[application/json;charset=UTF-8]}
     Content type = application/json;charset=UTF-8
             Body = {"errorCode":"Not Found","errorMessage":"There is no player with id 1"}
    Forwarded URL = null
   Redirected URL = null
          Cookies = []
]]></system-out>
  </testcase>
</testsuite>